<?xml version="1.0" encoding="UTF-8"?>
<testng-results ignored="0" total="1" passed="1" failed="0" skipped="0">
  <reporter-output>
  </reporter-output>
  <suite started-at="2023-10-09T22:16:36 CDT" name="Suite" finished-at="2023-10-09T22:16:42 CDT" duration-ms="6628">
    <groups>
    </groups>
    <test started-at="2023-10-09T22:16:36 CDT" name="Test" finished-at="2023-10-09T22:16:42 CDT" duration-ms="6628">
      <class name="jenkinsDemo.Demo">
        <test-method signature="searchContent()[pri:0, instance:jenkinsDemo.Demo@4d0f2471]" started-at="2023-10-09T22:16:36 CDT" name="searchContent" finished-at="2023-10-09T22:16:42 CDT" duration-ms="6534" status="PASS">
          <reporter-output>
          </reporter-output>
        </test-method> <!-- searchContent -->
      </class> <!-- jenkinsDemo.Demo -->
    </test> <!-- Test -->
  </suite> <!-- Suite -->
</testng-results>
